*** INICIO ***
*** INICIO ***
id_ec: 2016, 8
fk_id_cate: 8
fk_id_cadampe_pedido: 1
alterCadampe: 1
id_cadampe_resposta: 2
fk_id_pessoa_cadampe: 298845
id_cadampe_resposta: 2
qtdeSemContato: 0
atualiza: 
*** FIM ***
*** INICIO ***
id_ec: 1809
fk_id_cate: 9
fk_id_cadampe_pedido: 2
alterCadampe: 1
id_cadampe_resposta: 2
fk_id_pessoa_cadampe: 299263
id_cadampe_resposta: 2
qtdeSemContato: 0
atualiza: 
*** FIM ***
*** INICIO ***
id_ec: 158
fk_id_cate: 6
fk_id_cadampe_pedido: 170
alterCadampe: 1
id_cadampe_resposta: 2
fk_id_pessoa_cadampe: 314596
id_cadampe_resposta: 2
entrou 1: 1
entrou 1: 2
qtdeSemContato: 2
atualiza: 
*** FIM ***
*** INICIO ***
id_ec: 158
fk_id_cate: 6
fk_id_cadampe_pedido: 170
alterCadampe: 1
id_cadampe_resposta: 2
fk_id_pessoa_cadampe: 314596
id_cadampe_resposta: 2
entrou 1: 1
entrou 1: 2
entrou 1: 3
qtdeSemContato: 3
atualiza: 1
prioridade: 0
prioridade FINAL: 0
resetListaCadampe: 
*** FIM ***
fk_id_cadampe_pedido: 213
*** FIM ***
fk_id_cadampe_pedido: 216
*** FIM ***
fk_id_cadampe_pedido: 277
*** FIM ***
fk_id_cadampe_pedido: 277
*** FIM ***
fk_id_cadampe_pedido: 277
*** FIM ***
fk_id_cadampe_pedido: 277
*** FIM ***
fk_id_cadampe_pedido: 277
*** FIM ***
fk_id_cadampe_pedido: 277
*** FIM ***
fk_id_cadampe_pedido: 277
*** FIM ***
fk_id_cadampe_pedido: 277
*** FIM ***
fk_id_cadampe_pedido: 277
*** FIM ***
fk_id_cadampe_pedido: 277
*** FIM ***
fk_id_cadampe_pedido: 237
*** FIM ***
fk_id_cadampe_pedido: 237
*** FIM ***
fk_id_cadampe_pedido: 237
*** FIM ***
fk_id_cadampe_pedido: 237
*** FIM ***
fk_id_cadampe_pedido: 237
*** FIM ***
fk_id_cadampe_pedido: 237
*** FIM ***
fk_id_cadampe_pedido: 237
*** FIM ***
fk_id_cadampe_pedido: 237
*** FIM ***
fk_id_cadampe_pedido: 237
*** FIM ***
fk_id_cadampe_pedido: 237
*** FIM ***
fk_id_cadampe_pedido: 237
*** FIM ***
fk_id_cadampe_pedido: 237
*** FIM ***
fk_id_cadampe_pedido: 237
*** FIM ***
fk_id_cadampe_pedido: 237
*** FIM ***
fk_id_cadampe_pedido: 237
*** FIM ***
fk_id_cadampe_pedido: 242
*** FIM ***
fk_id_cadampe_pedido: 263
*** FIM ***
